<?xml version="1.0" encoding="UTF-8"?>
<!-- Generated by org.testng.reporters.JUnitReportReporter -->
<testsuite skipped="0" hostname="SHIVAKUMAR-QA" name="com.qa.radgate.tests.LoginPageTest" tests="8" failures="0" timestamp="07 May 2024 20:48:56 GMT" time="26.822" errors="0">
  <testcase name="loginPageTitleTest" time="0.039" classname="com.qa.radgate.tests.LoginPageTest"/>
  <testcase name="loginTest" time="4.603" classname="com.qa.radgate.tests.LoginPageTest"/>
  <testcase name="trialSelectPageTest" time="2.170" classname="com.qa.radgate.tests.LoginPageTest"/>
  <testcase name="selectSiteIdTest" time="4.214" classname="com.qa.radgate.tests.LoginPageTest"/>
  <testcase name="selectSubjectIdTest" time="2.155" classname="com.qa.radgate.tests.LoginPageTest"/>
  <testcase name="importFormNavigationTest" time="1.144" classname="com.qa.radgate.tests.LoginPageTest"/>
  <testcase name="webImportPageNavigationTest" time="0.875" classname="com.qa.radgate.tests.LoginPageTest"/>
  <testcase name="webImportFileBrowseTest" time="11.622" classname="com.qa.radgate.tests.LoginPageTest"/>
</testsuite> <!-- com.qa.radgate.tests.LoginPageTest -->
