<?xml version="1.0" encoding="UTF-8"?>
<!-- Generated by org.testng.reporters.JUnitReportReporter -->
<testsuite skipped="0" hostname="SHIVAKUMAR-QA" name="com.qa.radgate.tests.LoginPageTest" tests="9" failures="0" timestamp="13 May 2024 07:50:13 GMT" time="23.340" errors="0">
  <testcase name="loginPageTitleTest" time="0.067" classname="com.qa.radgate.tests.LoginPageTest"/>
  <testcase name="loginTest" time="3.451" classname="com.qa.radgate.tests.LoginPageTest"/>
  <testcase name="trialSelectPageTest" time="4.165" classname="com.qa.radgate.tests.LoginPageTest"/>
  <testcase name="selectSiteIdTest" time="4.183" classname="com.qa.radgate.tests.LoginPageTest"/>
  <testcase name="selectSubjectIdTest" time="2.172" classname="com.qa.radgate.tests.LoginPageTest"/>
  <testcase name="importFormNavigationTest" time="0.975" classname="com.qa.radgate.tests.LoginPageTest"/>
  <testcase name="webImportPageNavigationTest" time="0.825" classname="com.qa.radgate.tests.LoginPageTest"/>
  <testcase name="dcmSelectCheckboxTest" time="0.231" classname="com.qa.radgate.tests.LoginPageTest"/>
  <testcase name="webImportFileBrowseTest" time="7.271" classname="com.qa.radgate.tests.LoginPageTest"/>
</testsuite> <!-- com.qa.radgate.tests.LoginPageTest -->
